<?xml version="1.0" encoding="UTF-8"?>
<!-- Generated by org.testng.reporters.JUnitReportReporter -->
<testsuite hostname="DESKTOP-8MDILRI" failures="0" tests="9" name="com.vega.testcases.SearchEngineTest" time="3.861" errors="1" timestamp="2021-04-09T01:18:24 IST" skipped="3">
  <testcase classname="com.vega.testcases.SearchEngineTest" name="verifySeachEngineTitle" time="0.250"/>
  <system-out/>
  <testcase classname="com.vega.testcases.SearchEngineTest" name="verifySeachEngineTitle" time="0.533"/>
  <system-out/>
  <testcase classname="com.vega.testcases.SearchEngineTest" name="verifySeachEngineIcon" time="0.837"/>
  <system-out/>
  <testcase classname="com.vega.testcases.SearchEngineTest" name="verifySeachEngineIcon" time="0.493"/>
  <system-out/>
  <testcase classname="com.vega.testcases.SearchEngineTest" name="search_KeyWord" time="0.000">
    <skipped/>
  </testcase> <!-- search_KeyWord -->
  <system-out/>
  <testcase classname="com.vega.testcases.SearchEngineTest" name="search_KeyWord" time="0.000">
    <error type="java.lang.NullPointerException">
      <![CDATA[java.lang.NullPointerException
at com.vega.testcases.SearchEngineTest.search_KeyWord(SearchEngineTest.java:53)
at java.base/jdk.internal.reflect.NativeMethodAccessorImpl.invoke0(Native Method)
at java.base/jdk.internal.reflect.NativeMethodAccessorImpl.invoke(NativeMethodAccessorImpl.java:62)
at java.base/jdk.internal.reflect.DelegatingMethodAccessorImpl.invoke(DelegatingMethodAccessorImpl.java:43)
at java.base/java.lang.reflect.Method.invoke(Method.java:566)
at org.testng.internal.MethodInvocationHelper.invokeMethod(MethodInvocationHelper.java:132)
at org.testng.internal.TestInvoker.invokeMethod(TestInvoker.java:599)
at org.testng.internal.TestInvoker.retryFailed(TestInvoker.java:214)
at org.testng.internal.MethodRunner.runInSequence(MethodRunner.java:58)
at org.testng.internal.TestInvoker$MethodInvocationAgent.invoke(TestInvoker.java:822)
at org.testng.internal.TestInvoker.invokeTestMethods(TestInvoker.java:147)
at org.testng.internal.TestMethodWorker.invokeTestMethods(TestMethodWorker.java:146)
at org.testng.internal.TestMethodWorker.run(TestMethodWorker.java:128)
at java.base/java.util.concurrent.ThreadPoolExecutor.runWorker(ThreadPoolExecutor.java:1128)
at java.base/java.util.concurrent.ThreadPoolExecutor$Worker.run(ThreadPoolExecutor.java:628)
at java.base/java.lang.Thread.run(Thread.java:834)
]]>
    </error>
  </testcase> <!-- search_KeyWord -->
  <system-out/>
  <testcase classname="com.vega.testcases.SearchEngineTest" name="search_KeyWord" time="0.429">
    <skipped/>
  </testcase> <!-- search_KeyWord -->
  <system-out/>
  <testcase classname="com.vega.testcases.SearchEngineTest" name="search_KeyWord" time="1.319"/>
  <system-out/>
  <testcase classname="com.vega.testcases.SearchEngineTest" name="search_KeyWord" time="0.000">
    <skipped/>
  </testcase> <!-- search_KeyWord -->
  <system-out/>
</testsuite> <!-- com.vega.testcases.SearchEngineTest -->
